{
  "RSpec": {
    "coverage": {
      "/Users/podoglyph/turing/3module/corkboard/app/helpers/application_helper.rb": [
        1,
        1,
        null,
        1,
        70,
        25,
        null,
        45,
        null,
        null,
        null,
        1,
        70,
        45,
        null,
        null,
        null,
        1,
        70,
        21,
        49,
        4,
        null,
        null,
        null,
        1,
        70,
        25,
        null,
        null,
        null,
        null
      ],
      "/Users/podoglyph/turing/3module/corkboard/app/helpers/form_helper.rb": [
        1,
        1,
        null,
        null,
        3,
        null,
        1,
        null,
        1,
        null,
        3,
        8,
        null,
        null,
        1,
        null,
        null,
        3,
        null,
        1,
        null,
        1,
        null,
        3,
        8,
        null,
        1,
        null,
        null,
        3,
        null,
        1,
        null,
        1,
        null,
        3,
        8,
        null,
        1,
        4,
        null,
        null
      ],
      "/Users/podoglyph/turing/3module/corkboard/app/helpers/bids_helper.rb": [
        1,
        1,
        1,
        null,
        null
      ],
      "/Users/podoglyph/turing/3module/corkboard/app/models/role.rb": [
        1,
        1,
        null,
        1,
        1,
        null
      ],
      "/Users/podoglyph/turing/3module/corkboard/app/models/application_record.rb": [
        1,
        1,
        null
      ],
      "/Users/podoglyph/turing/3module/corkboard/app/models/pro.rb": [
        1,
        1,
        1,
        1,
        1,
        1,
        1,
        null,
        null,
        null,
        null,
        null,
        null,
        1,
        5,
        null,
        null,
        1,
        1,
        null,
        null,
        null
      ],
      "/Users/podoglyph/turing/3module/corkboard/app/models/user.rb": [
        1,
        1,
        1,
        1,
        1,
        null,
        null,
        null,
        1,
        1,
        null,
        1,
        1,
        1,
        null,
        1,
        null,
        1,
        0,
        0,
        null,
        null,
        null,
        1,
        0,
        null,
        null,
        1,
        30,
        8,
        null,
        22,
        null,
        null,
        null,
        1,
        5,
        null,
        null,
        1,
        3,
        null,
        null,
        1,
        12,
        null,
        null,
        1,
        15,
        null,
        null,
        1,
        15,
        null,
        null,
        1,
        11,
        null,
        null,
        1,
        0,
        0,
        null,
        null,
        1,
        0,
        null,
        null,
        null
      ],
      "/Users/podoglyph/turing/3module/corkboard/app/models/attachment.rb": [
        1,
        1,
        null,
        1,
        1,
        null,
        null,
        null,
        1,
        1,
        null,
        null
      ],
      "/Users/podoglyph/turing/3module/corkboard/app/models/category.rb": [
        1,
        1,
        null,
        1,
        1,
        null,
        1,
        1,
        1,
        null,
        null,
        1,
        1,
        null,
        1,
        73,
        null,
        null
      ],
      "/Users/podoglyph/turing/3module/corkboard/app/models/concerns/sluggable.rb": [
        1,
        1,
        null,
        1,
        1,
        null,
        24,
        3,
        null,
        21,
        null,
        null,
        null,
        null,
        1,
        28,
        null,
        null,
        1,
        228,
        null,
        null
      ],
      "/Users/podoglyph/turing/3module/corkboard/app/models/industry.rb": [
        1,
        1,
        null,
        1,
        1,
        1,
        null,
        null,
        1,
        null,
        null,
        1,
        1,
        null,
        1,
        91,
        null,
        null
      ],
      "/Users/podoglyph/turing/3module/corkboard/app/models/pro_service.rb": [
        1,
        1,
        1,
        1,
        null
      ],
      "/Users/podoglyph/turing/3module/corkboard/app/models/project.rb": [
        1,
        1,
        1,
        null,
        null,
        null,
        1,
        1,
        1,
        null,
        1,
        1,
        null,
        1,
        1,
        1,
        1,
        1,
        1,
        null,
        1,
        1,
        null,
        null,
        1,
        0,
        null,
        null
      ],
      "/Users/podoglyph/turing/3module/corkboard/app/models/review.rb": [
        1,
        1,
        1,
        1,
        1,
        null,
        1,
        4,
        4,
        null,
        null,
        1,
        4,
        4,
        null,
        null,
        null
      ],
      "/Users/podoglyph/turing/3module/corkboard/app/models/service.rb": [
        1,
        1,
        null,
        1,
        1,
        1,
        1,
        null,
        1,
        1,
        1,
        null,
        null,
        1,
        1,
        null,
        1,
        null,
        1,
        0,
        0,
        null,
        null,
        null,
        1,
        62,
        null,
        null,
        null
      ],
      "/Users/podoglyph/turing/3module/corkboard/app/models/user_role.rb": [
        1,
        1,
        1,
        null,
        1,
        1,
        null
      ],
      "/Users/podoglyph/turing/3module/corkboard/app/controllers/home_controller.rb": [
        1,
        1,
        null,
        null
      ],
      "/Users/podoglyph/turing/3module/corkboard/app/controllers/application_controller.rb": [
        1,
        1,
        null,
        1,
        1,
        1,
        1,
        1,
        null,
        1,
        null,
        1,
        59,
        null,
        null,
        1,
        12,
        null,
        null,
        1,
        1,
        null,
        null,
        1,
        403,
        null,
        null,
        1,
        4,
        0,
        null,
        4,
        null,
        null,
        null,
        null
      ],
      "/Users/podoglyph/turing/3module/corkboard/app/controllers/concerns/flash_messages.rb": [
        1,
        1,
        1,
        null,
        null,
        1,
        0,
        null,
        null,
        1,
        0,
        null,
        null,
        1,
        0,
        null,
        null,
        null
      ],
      "/Users/podoglyph/turing/3module/corkboard/app/controllers/choose_account_controller.rb": [
        1,
        1,
        null,
        null
      ],
      "/Users/podoglyph/turing/3module/corkboard/app/controllers/pro_register/industry_controller.rb": [
        1,
        1,
        3,
        null,
        null,
        1,
        3,
        null,
        null
      ],
      "/Users/podoglyph/turing/3module/corkboard/app/controllers/pro_register/category_controller.rb": [
        1,
        null,
        1,
        3,
        null,
        null,
        null
      ],
      "/Users/podoglyph/turing/3module/corkboard/app/controllers/pro_controller.rb": [
        1,
        1,
        1,
        1,
        null,
        1,
        0,
        null,
        null,
        1,
        0,
        null,
        null,
        1,
        3,
        3,
        null,
        null,
        1,
        3,
        3,
        null,
        3,
        2,
        2,
        2,
        2,
        2,
        null,
        1,
        1,
        1,
        null,
        null,
        null,
        1,
        null,
        1,
        3,
        null,
        null,
        null,
        null,
        null,
        null,
        null,
        null
      ],
      "/Users/podoglyph/turing/3module/corkboard/app/controllers/concerns/pro_concern.rb": [
        1,
        1,
        null,
        1,
        2,
        4,
        null,
        null,
        null
      ],
      "/Users/podoglyph/turing/3module/corkboard/app/controllers/concerns/authy_concern.rb": [
        1,
        1,
        null,
        1,
        0,
        0,
        0,
        null,
        null,
        1,
        0,
        null,
        null,
        null,
        null,
        null,
        null,
        1,
        0,
        0,
        null,
        null,
        1,
        0,
        null,
        null
      ],
      "/Users/podoglyph/turing/3module/corkboard/app/controllers/concerns/session_helper.rb": [
        1,
        1,
        null,
        1,
        10,
        null,
        null,
        null
      ],
      "/Users/podoglyph/turing/3module/corkboard/app/presenters/new_pro_presenter.rb": [
        1,
        1,
        1,
        4,
        4,
        4,
        null,
        null,
        1,
        8,
        null,
        null,
        1,
        8,
        null,
        null,
        1,
        0,
        null,
        null,
        1,
        4,
        null,
        null,
        1,
        13,
        null,
        null,
        1,
        3,
        3,
        3,
        null,
        null,
        1,
        1,
        null
      ],
      "/Users/podoglyph/turing/3module/corkboard/app/controllers/pro_dashboard_controller.rb": [
        1,
        null,
        1,
        3,
        3,
        null,
        null,
        null
      ],
      "/Users/podoglyph/turing/3module/corkboard/app/models/bid.rb": [
        1,
        1,
        null,
        null,
        1,
        1,
        1,
        1,
        null,
        1,
        null,
        1,
        1,
        null,
        null
      ],
      "/Users/podoglyph/turing/3module/corkboard/app/controllers/users_controller.rb": [
        1,
        1,
        1,
        null,
        1,
        3,
        3,
        null,
        null,
        1,
        3,
        3,
        null,
        3,
        2,
        2,
        2,
        2,
        null,
        1,
        1,
        null,
        null,
        null,
        null,
        1,
        null,
        1,
        3,
        null,
        null,
        null,
        null,
        null,
        null,
        null,
        null
      ],
      "/Users/podoglyph/turing/3module/corkboard/app/models/oauth_parse.rb": [
        1,
        1,
        null,
        1,
        3,
        3,
        null,
        null,
        1,
        3,
        null,
        null,
        1,
        3,
        null,
        null
      ],
      "/Users/podoglyph/turing/3module/corkboard/app/controllers/profile/dashboard_controller.rb": [
        1,
        1,
        null,
        null
      ],
      "/Users/podoglyph/turing/3module/corkboard/app/controllers/sessions_controller.rb": [
        1,
        null,
        1,
        null,
        null,
        1,
        5,
        null,
        null,
        1,
        0,
        0,
        null,
        null,
        1,
        null,
        1,
        7,
        null,
        null,
        1,
        1,
        null,
        null,
        1,
        1,
        1,
        1,
        null,
        0,
        0,
        0,
        null,
        null,
        null,
        1,
        1,
        0,
        0,
        null,
        1,
        1,
        null,
        null,
        null,
        null,
        1,
        4,
        4,
        4,
        4,
        4,
        null,
        0,
        0,
        null,
        null,
        null
      ],
      "/Users/podoglyph/turing/3module/corkboard/app/controllers/pro_dashboard/open_projects_controller.rb": [
        1,
        1,
        1,
        null,
        1,
        1,
        1,
        null,
        null,
        1,
        0,
        0,
        null,
        null,
        1,
        null,
        1,
        1,
        null,
        null
      ],
      "/Users/podoglyph/turing/3module/corkboard/app/presenters/open_project_presenter.rb": [
        1,
        null,
        1,
        null,
        1,
        1,
        1,
        null,
        null,
        null
      ],
      "/Users/podoglyph/turing/3module/corkboard/app/controllers/hire/industry_controller.rb": [
        1,
        null,
        1,
        4,
        null,
        null,
        null
      ],
      "/Users/podoglyph/turing/3module/corkboard/app/controllers/hire/category_controller.rb": [
        1,
        null,
        1,
        4,
        null,
        null,
        null
      ],
      "/Users/podoglyph/turing/3module/corkboard/app/controllers/hire/project_controller.rb": [
        1,
        1,
        null,
        1,
        3,
        3,
        null,
        null,
        1,
        3,
        null,
        3,
        2,
        2,
        2,
        null,
        1,
        1,
        1,
        null,
        null,
        null,
        1,
        null,
        1,
        3,
        3,
        null,
        null
      ],
      "/Users/podoglyph/turing/3module/corkboard/app/controllers/concerns/attachments.rb": [
        1,
        1,
        null,
        1,
        1,
        null,
        null,
        1,
        3,
        null,
        null
      ],
      "/Users/podoglyph/turing/3module/corkboard/app/controllers/projects_controller.rb": [
        1,
        1,
        11,
        null,
        11,
        11,
        6,
        null,
        null,
        null
      ],
      "/Users/podoglyph/turing/3module/corkboard/app/controllers/reviews_controller.rb": [
        1,
        1,
        null,
        1,
        1,
        1,
        null,
        null,
        1,
        1,
        1,
        1,
        null,
        null,
        1,
        1,
        1,
        1,
        1,
        null,
        null,
        1,
        null,
        1,
        3,
        null,
        null,
        1,
        3,
        null,
        null,
        1,
        3,
        null,
        null,
        1,
        2,
        null,
        null
      ],
      "/Users/podoglyph/turing/3module/corkboard/app/controllers/home/search_controller.rb": [
        1,
        1,
        3,
        3,
        null,
        3,
        2,
        null,
        null,
        1,
        null,
        1,
        6,
        null,
        null
      ],
      "/Users/podoglyph/turing/3module/corkboard/app/controllers/bids_controller.rb": [
        1,
        1,
        1,
        null,
        1,
        null,
        null,
        1,
        1,
        null,
        null,
        1,
        0,
        null,
        0,
        0,
        0,
        0,
        null,
        0,
        0,
        0,
        null,
        null,
        null,
        1,
        0,
        null,
        null,
        1,
        0,
        null,
        null,
        1,
        null,
        1,
        0,
        0,
        null,
        null,
        1,
        1,
        null,
        null
      ],
      "/Users/podoglyph/turing/3module/corkboard/app/models/message.rb": [
        1,
        1,
        1,
        null
      ],
      "/Users/podoglyph/turing/3module/corkboard/app/controllers/api/v1/projects/find_controller.rb": [
        1,
        1,
        1,
        1,
        null,
        null,
        1,
        null,
        1,
        1,
        null,
        null
      ],
      "/Users/podoglyph/turing/3module/corkboard/app/channels/appearance_channel.rb": [
        0,
        0,
        0,
        0,
        0,
        0,
        0,
        0,
        0,
        0,
        0,
        0,
        0,
        0,
        0,
        0,
        0,
        0,
        0
      ],
      "/Users/podoglyph/turing/3module/corkboard/app/channels/application_cable/channel.rb": [
        0,
        0,
        0,
        0
      ],
      "/Users/podoglyph/turing/3module/corkboard/app/channels/application_cable/connection.rb": [
        0,
        0,
        0,
        0,
        0,
        0,
        0,
        0,
        0,
        0,
        0,
        0,
        0,
        0,
        0,
        0,
        0,
        0,
        0,
        0
      ],
      "/Users/podoglyph/turing/3module/corkboard/app/channels/messages_channel.rb": [
        0,
        0,
        0,
        0,
        0
      ],
      "/Users/podoglyph/turing/3module/corkboard/app/controllers/api/category_controller.rb": [
        0,
        0,
        0,
        0,
        0
      ],
      "/Users/podoglyph/turing/3module/corkboard/app/controllers/api/industry_controller.rb": [
        0,
        0,
        0,
        0,
        0
      ],
      "/Users/podoglyph/turing/3module/corkboard/app/controllers/api/search_controller.rb": [
        0,
        0,
        0,
        0,
        0
      ],
      "/Users/podoglyph/turing/3module/corkboard/app/controllers/api/service_controller.rb": [
        0,
        0,
        0,
        0,
        0
      ],
      "/Users/podoglyph/turing/3module/corkboard/app/controllers/authy_controller.rb": [
        0,
        0,
        0,
        0,
        0,
        0,
        0,
        0,
        0,
        0,
        0,
        0,
        0,
        0,
        0,
        0,
        0,
        0,
        0,
        0,
        0,
        0,
        0,
        0,
        0,
        0,
        0,
        0,
        0,
        0,
        0,
        0,
        0
      ],
      "/Users/podoglyph/turing/3module/corkboard/app/controllers/hire_controller.rb": [
        0,
        0,
        0,
        0,
        0
      ],
      "/Users/podoglyph/turing/3module/corkboard/app/controllers/messages_controller.rb": [
        0,
        0,
        0,
        0,
        0,
        0,
        0,
        0,
        0,
        0,
        0,
        0,
        0,
        0,
        0,
        0,
        0,
        0,
        0,
        0,
        0,
        0,
        0,
        0,
        0,
        0
      ],
      "/Users/podoglyph/turing/3module/corkboard/app/controllers/pro_dashboard/project_bids_controller.rb": [
        0,
        0,
        0,
        0
      ],
      "/Users/podoglyph/turing/3module/corkboard/app/jobs/application_job.rb": [
        0,
        0
      ],
      "/Users/podoglyph/turing/3module/corkboard/app/mailers/application_mailer.rb": [
        0,
        0,
        0,
        0
      ],
      "/Users/podoglyph/turing/3module/corkboard/app/models/concerns/code_generator.rb": [
        0,
        0,
        0,
        0,
        0
      ],
      "/Users/podoglyph/turing/3module/corkboard/app/models/concerns/confirmation_sender.rb": [
        0,
        0,
        0,
        0,
        0,
        0,
        0
      ],
      "/Users/podoglyph/turing/3module/corkboard/app/models/concerns/message_sender.rb": [
        0,
        0,
        0,
        0,
        0,
        0,
        0,
        0,
        0,
        0,
        0,
        0,
        0,
        0
      ],
      "/Users/podoglyph/turing/3module/corkboard/app/models/search_service.rb": [
        0,
        0,
        0,
        0,
        0,
        0,
        0,
        0,
        0,
        0,
        0,
        0,
        0,
        0,
        0,
        0,
        0,
        0,
        0,
        0,
        0,
        0
      ],
      "/Users/podoglyph/turing/3module/corkboard/lib/json_web_token.rb": [
        0,
        0,
        0,
        0,
        0,
        0,
        0,
        0,
        0,
        0,
        0
      ]
    },
    "timestamp": 1501571484
  }
}
